2025-02-04 19:14:38,515 INFO [JavaFX Application Thread] o.b.u.LoginUtil [LoginUtil.java:44] Invalid username or password entered: username:dfsdsf|password:sdfds
2025-02-04 19:14:51,450 INFO [JavaFX Application Thread] o.b.u.LoginUtil [LoginUtil.java:44] Invalid username or password entered: username:dsadsa|password:asdasd
2025-02-05 02:15:39,473 INFO [JavaFX Application Thread] o.b.u.LoginUtil [LoginUtil.java:44] Invalid username or password entered: username:john.park|password:porky12
2025-02-05 03:12:02,889 INFO [JavaFX Application Thread] o.b.u.LoginUtil [LoginUtil.java:44] Invalid username or password entered: username:john.doe|password:john11111
2025-02-06 00:02:03,452 INFO [JavaFX Application Thread] o.b.c.EmployeeHomeController [EmployeeHomeController.java:104] Invalid id entered: h
2025-02-06 20:58:14,178 INFO [JavaFX Application Thread] o.b.d.BudgetRepository [BudgetRepository.java:35] Budget for user kyle.korver not found
2025-02-06 20:58:16,282 INFO [JavaFX Application Thread] o.b.d.BudgetRepository [BudgetRepository.java:35] Budget for user john.pork not found
2025-02-06 20:59:17,398 INFO [JavaFX Application Thread] o.b.d.BudgetRepository [BudgetRepository.java:35] Budget for user kyle.korver not found
2025-02-06 20:59:18,384 INFO [JavaFX Application Thread] o.b.d.BudgetRepository [BudgetRepository.java:35] Budget for user john.pork not found
2025-02-06 20:59:19,675 INFO [JavaFX Application Thread] o.b.d.BudgetRepository [BudgetRepository.java:35] Budget for user john.doe not found
2025-02-06 20:59:20,150 INFO [JavaFX Application Thread] o.b.d.BudgetRepository [BudgetRepository.java:35] Budget for user john.pork not found
2025-02-06 20:59:20,819 INFO [JavaFX Application Thread] o.b.d.BudgetRepository [BudgetRepository.java:35] Budget for user kyle.korver not found
2025-02-06 20:59:22,186 INFO [JavaFX Application Thread] o.b.d.BudgetRepository [BudgetRepository.java:35] Budget for user john.doe not found
2025-02-06 20:59:27,032 INFO [JavaFX Application Thread] o.b.d.BudgetRepository [BudgetRepository.java:35] Budget for user john.pork not found
2025-02-06 20:59:33,353 INFO [JavaFX Application Thread] o.b.d.BudgetRepository [BudgetRepository.java:35] Budget for user john.pork not found
2025-02-06 20:59:41,519 INFO [JavaFX Application Thread] o.b.d.BudgetRepository [BudgetRepository.java:35] Budget for user kyle.korver not found
2025-02-06 21:02:05,210 INFO [JavaFX Application Thread] o.b.d.BudgetRepository [BudgetRepository.java:34] Budget for user john.doe not found
2025-02-06 21:02:06,458 INFO [JavaFX Application Thread] o.b.d.BudgetRepository [BudgetRepository.java:34] Budget for user kyle.korver not found
2025-02-06 21:02:13,354 INFO [JavaFX Application Thread] o.b.d.BudgetRepository [BudgetRepository.java:34] Budget for user john.doe not found
2025-02-06 21:03:43,792 INFO [JavaFX Application Thread] o.b.d.BudgetRepository [BudgetRepository.java:34] Budget for user kyle.korver not found
2025-02-06 21:03:44,813 INFO [JavaFX Application Thread] o.b.d.BudgetRepository [BudgetRepository.java:34] Budget for user john.doe not found
2025-02-06 21:06:39,700 INFO [JavaFX Application Thread] o.b.d.BudgetRepository [BudgetRepository.java:34] Budget for user kyle.korver not found
2025-02-06 21:06:40,234 INFO [JavaFX Application Thread] o.b.d.BudgetRepository [BudgetRepository.java:34] Budget for user john.doe not found
2025-02-06 21:06:45,570 INFO [JavaFX Application Thread] o.b.d.BudgetRepository [BudgetRepository.java:34] Budget for user kyle.korver not found
2025-02-06 21:06:45,953 INFO [JavaFX Application Thread] o.b.d.BudgetRepository [BudgetRepository.java:34] Budget for user john.doe not found
2025-02-06 21:08:13,897 INFO [JavaFX Application Thread] o.b.d.BudgetRepository [BudgetRepository.java:34] Budget for user kyle.korver not found
2025-02-06 21:08:14,680 INFO [JavaFX Application Thread] o.b.d.BudgetRepository [BudgetRepository.java:34] Budget for user john.doe not found
2025-02-06 21:08:17,168 INFO [JavaFX Application Thread] o.b.d.BudgetRepository [BudgetRepository.java:34] Budget for user john.doe not found
2025-02-06 21:08:34,325 INFO [JavaFX Application Thread] o.b.d.BudgetRepository [BudgetRepository.java:34] Budget for user kyle.korver not found
2025-02-06 21:08:34,695 INFO [JavaFX Application Thread] o.b.d.BudgetRepository [BudgetRepository.java:34] Budget for user john.doe not found
2025-02-06 22:34:07,612 INFO [JavaFX Application Thread] o.b.d.BudgetRepository [BudgetRepository.java:34] Budget for user john.doe not found
2025-02-06 22:34:13,203 INFO [JavaFX Application Thread] o.b.d.BudgetRepository [BudgetRepository.java:34] Budget for user kyle.korver not found
2025-02-06 22:34:14,467 INFO [JavaFX Application Thread] o.b.d.BudgetRepository [BudgetRepository.java:34] Budget for user john.doe not found
2025-02-06 22:34:15,187 INFO [JavaFX Application Thread] o.b.d.BudgetRepository [BudgetRepository.java:34] Budget for user kyle.korver not found
2025-02-06 22:34:15,585 INFO [JavaFX Application Thread] o.b.d.BudgetRepository [BudgetRepository.java:34] Budget for user john.doe not found
2025-02-06 22:34:16,190 INFO [JavaFX Application Thread] o.b.d.BudgetRepository [BudgetRepository.java:34] Budget for user kyle.korver not found
2025-02-06 22:34:16,614 INFO [JavaFX Application Thread] o.b.d.BudgetRepository [BudgetRepository.java:34] Budget for user john.doe not found
2025-02-06 22:34:17,407 INFO [JavaFX Application Thread] o.b.d.BudgetRepository [BudgetRepository.java:34] Budget for user kyle.korver not found
2025-02-06 22:34:18,692 INFO [JavaFX Application Thread] o.b.d.BudgetRepository [BudgetRepository.java:34] Budget for user john.doe not found
2025-02-06 22:41:36,947 INFO [JavaFX Application Thread] o.b.d.BudgetRepository [BudgetRepository.java:34] Budget for user john.moe not found
2025-02-06 22:41:37,393 INFO [JavaFX Application Thread] o.b.d.BudgetRepository [BudgetRepository.java:34] Budget for user john.moe not found
2025-02-06 22:41:55,315 INFO [JavaFX Application Thread] o.b.d.BudgetRepository [BudgetRepository.java:34] Budget for user john.moe not found
2025-02-06 22:41:56,290 INFO [JavaFX Application Thread] o.b.d.BudgetRepository [BudgetRepository.java:34] Budget for user kyle.korver not found
2025-02-06 22:41:56,709 INFO [JavaFX Application Thread] o.b.d.BudgetRepository [BudgetRepository.java:34] Budget for user john.moe not found
2025-02-06 22:41:57,914 INFO [JavaFX Application Thread] o.b.d.BudgetRepository [BudgetRepository.java:34] Budget for user kyle.korver not found
2025-02-06 22:41:59,496 INFO [JavaFX Application Thread] o.b.d.BudgetRepository [BudgetRepository.java:34] Budget for user john.moe not found
2025-02-06 22:42:36,436 INFO [JavaFX Application Thread] o.b.d.BudgetRepository [BudgetRepository.java:34] Budget for user kyle.korver not found
2025-02-06 22:42:37,067 INFO [JavaFX Application Thread] o.b.d.BudgetRepository [BudgetRepository.java:34] Budget for user john.moe not found
2025-02-06 22:42:37,713 INFO [JavaFX Application Thread] o.b.d.BudgetRepository [BudgetRepository.java:34] Budget for user kyle.korver not found
2025-02-06 23:03:33,538 INFO [JavaFX Application Thread] o.b.d.BudgetRepository [BudgetRepository.java:34] Budget for user kyle.korver not found
2025-02-06 23:03:33,710 INFO [JavaFX Application Thread] o.b.d.BudgetRepository [BudgetRepository.java:34] Budget for user kyle.korver not found
2025-02-06 23:03:47,520 INFO [JavaFX Application Thread] o.b.d.BudgetRepository [BudgetRepository.java:34] Budget for user john.moe not found
2025-02-06 23:04:30,240 INFO [JavaFX Application Thread] o.b.d.BudgetRepository [BudgetRepository.java:34] Budget for user john.moe not found
2025-02-06 23:04:30,391 INFO [JavaFX Application Thread] o.b.d.BudgetRepository [BudgetRepository.java:34] Budget for user john.moe not found
2025-02-06 23:04:30,795 INFO [JavaFX Application Thread] o.b.d.BudgetRepository [BudgetRepository.java:34] Budget for user john.moe not found
2025-02-06 23:04:30,933 INFO [JavaFX Application Thread] o.b.d.BudgetRepository [BudgetRepository.java:34] Budget for user john.moe not found
2025-02-06 23:04:40,524 INFO [JavaFX Application Thread] o.b.d.BudgetRepository [BudgetRepository.java:34] Budget for user john.moe not found
2025-02-06 23:12:20,628 INFO [JavaFX Application Thread] o.b.d.BudgetRepository [BudgetRepository.java:34] Budget for user kyle.korver not found
2025-02-06 23:45:09,275 INFO [JavaFX Application Thread] o.b.d.BudgetRepository [BudgetRepository.java:34] Budget for user john.moe not found
2025-02-06 23:45:15,017 INFO [JavaFX Application Thread] o.b.d.BudgetRepository [BudgetRepository.java:34] Budget for user john.moe not found
2025-02-06 23:45:59,954 INFO [JavaFX Application Thread] o.b.d.BudgetRepository [BudgetRepository.java:34] Budget for user john.moe not found
2025-02-06 23:46:02,956 INFO [JavaFX Application Thread] o.b.d.BudgetRepository [BudgetRepository.java:34] Budget for user john.moe not found
2025-02-07 01:25:31,248 INFO [JavaFX Application Thread] o.b.d.BudgetRepository [BudgetRepository.java:34] Budget for user kyle.korver not found
2025-02-07 01:25:42,574 INFO [JavaFX Application Thread] o.b.d.BudgetRepository [BudgetRepository.java:34] Budget for user kyle.korver not found
2025-02-07 01:25:47,574 INFO [JavaFX Application Thread] o.b.d.BudgetRepository [BudgetRepository.java:34] Budget for user kyle.korver not found
2025-02-07 17:56:27,221 INFO [JavaFX Application Thread] o.b.u.LoginUtil [LoginUtil.java:44] Invalid username or password entered: username:john.pork|password:pork12
2025-02-07 17:56:50,570 INFO [JavaFX Application Thread] o.b.d.BudgetRepository [BudgetRepository.java:34] Budget for user kyle.korver not found
2025-02-07 17:56:50,801 INFO [JavaFX Application Thread] o.b.d.BudgetRepository [BudgetRepository.java:34] Budget for user kyle.korver not found
2025-02-07 17:57:36,766 INFO [JavaFX Application Thread] o.b.d.BudgetRepository [BudgetRepository.java:34] Budget for user john.moe not found
2025-02-07 17:57:36,977 INFO [JavaFX Application Thread] o.b.d.BudgetRepository [BudgetRepository.java:34] Budget for user john.moe not found
2025-02-07 17:57:41,086 INFO [JavaFX Application Thread] o.b.d.BudgetRepository [BudgetRepository.java:34] Budget for user john.moe not found
2025-02-07 20:05:39,445 INFO [JavaFX Application Thread] o.b.d.BudgetRepository [BudgetRepository.java:35] Budget for user kyle.korver not found
2025-02-07 20:05:51,744 INFO [JavaFX Application Thread] o.b.d.BudgetRepository [BudgetRepository.java:35] Budget for user kyle.korver not found
2025-02-10 01:15:11,225 INFO [JavaFX Application Thread] o.b.u.LoginUtil [LoginUtil.java:44] Invalid username or password entered: username:kyle.korver|password:basket1
2025-02-10 01:15:58,318 INFO [JavaFX Application Thread] o.b.u.LoginUtil [LoginUtil.java:44] Invalid username or password entered: username:john.doe|password:john1111
2025-02-10 01:16:00,232 INFO [JavaFX Application Thread] o.b.u.LoginUtil [LoginUtil.java:44] Invalid username or password entered: username:john.doe|password:john111
2025-02-10 01:16:01,295 INFO [JavaFX Application Thread] o.b.u.LoginUtil [LoginUtil.java:44] Invalid username or password entered: username:john.doe|password:john111
2025-02-10 01:16:06,852 INFO [JavaFX Application Thread] o.b.u.LoginUtil [LoginUtil.java:44] Invalid username or password entered: username:john.doe|password:john1111
2025-02-10 01:16:08,293 INFO [JavaFX Application Thread] o.b.u.LoginUtil [LoginUtil.java:44] Invalid username or password entered: username:john.doe|password:john11111
2025-02-10 01:16:11,964 INFO [JavaFX Application Thread] o.b.u.LoginUtil [LoginUtil.java:44] Invalid username or password entered: username:john.doe|password:john1111
2025-02-10 01:16:12,408 INFO [JavaFX Application Thread] o.b.u.LoginUtil [LoginUtil.java:44] Invalid username or password entered: username:john.doe|password:john1111
2025-02-10 01:16:12,557 INFO [JavaFX Application Thread] o.b.u.LoginUtil [LoginUtil.java:44] Invalid username or password entered: username:john.doe|password:john1111
2025-02-10 01:16:12,818 INFO [JavaFX Application Thread] o.b.u.LoginUtil [LoginUtil.java:44] Invalid username or password entered: username:john.doe|password:john1111
2025-02-10 01:26:48,743 INFO [JavaFX Application Thread] o.b.u.LoginUtil [LoginUtil.java:44] Invalid username or password entered: username:john.pork|password:john1111
2025-02-10 01:32:40,430 INFO [JavaFX Application Thread] o.b.d.BudgetRepository [BudgetRepository.java:35] Budget for user kyle.korver not found
2025-02-10 01:32:43,560 INFO [JavaFX Application Thread] o.b.d.BudgetRepository [BudgetRepository.java:35] Budget for user kyle.korver not found
2025-02-10 01:33:42,459 INFO [JavaFX Application Thread] o.b.d.BudgetRepository [BudgetRepository.java:35] Budget for user kyle.korver not found
2025-02-10 01:33:45,158 INFO [JavaFX Application Thread] o.b.d.BudgetRepository [BudgetRepository.java:35] Budget for user kyle.korver not found
2025-02-10 23:54:05,306 INFO [JavaFX Application Thread] o.b.u.AuditLoggerUtil [AuditLoggerUtil.java:33] Error loading audit log: null
2025-02-10 23:54:17,013 INFO [JavaFX Application Thread] o.b.u.AuditLoggerUtil [AuditLoggerUtil.java:33] Error loading audit log: null
2025-02-10 23:54:36,192 INFO [JavaFX Application Thread] o.b.d.BudgetRepository [BudgetRepository.java:35] Budget for user kyle.korver not found
2025-02-10 23:54:39,578 INFO [JavaFX Application Thread] o.b.d.BudgetRepository [BudgetRepository.java:35] Budget for user kyle.korver not found
2025-02-11 03:13:08,094 INFO [JavaFX Application Thread] o.b.u.AuditLoggerUtil [AuditLoggerUtil.java:33] Error loading audit log: null
2025-02-11 03:13:22,464 INFO [JavaFX Application Thread] o.b.u.AuditLoggerUtil [AuditLoggerUtil.java:33] Error loading audit log: null
2025-02-11 03:13:24,738 INFO [JavaFX Application Thread] o.b.u.AuditLoggerUtil [AuditLoggerUtil.java:33] Error loading audit log: null
2025-02-11 03:13:25,386 INFO [JavaFX Application Thread] o.b.u.AuditLoggerUtil [AuditLoggerUtil.java:33] Error loading audit log: null
2025-02-11 03:13:37,464 INFO [JavaFX Application Thread] o.b.u.AuditLoggerUtil [AuditLoggerUtil.java:33] Error loading audit log: null
2025-02-11 03:13:52,473 INFO [JavaFX Application Thread] o.b.u.AuditLoggerUtil [AuditLoggerUtil.java:33] Error loading audit log: null
2025-02-11 03:14:07,466 INFO [JavaFX Application Thread] o.b.u.AuditLoggerUtil [AuditLoggerUtil.java:33] Error loading audit log: null
2025-02-11 03:14:13,064 INFO [JavaFX Application Thread] o.b.u.AuditLoggerUtil [AuditLoggerUtil.java:33] Error loading audit log: null
2025-02-11 03:14:52,900 INFO [JavaFX Application Thread] o.b.d.BudgetRepository [BudgetRepository.java:35] Budget for user john.doe not found
2025-02-11 03:30:23,412 INFO [JavaFX Application Thread] o.b.c.LoginController [LoginController.java:41] Invalid username or password entered: username:lebron.james|password:john1111
2025-02-11 04:13:24,812 INFO [JavaFX Application Thread] o.b.c.LoginController [LoginController.java:41] Invalid username or password entered: username:patrik.krizan|password:123
2025-02-11 04:16:33,024 INFO [JavaFX Application Thread] o.b.d.BudgetRepository [BudgetRepository.java:35] Budget for user patrik.krizan not found
2025-02-11 04:19:38,615 INFO [JavaFX Application Thread] o.b.d.BudgetRepository [BudgetRepository.java:35] Budget for user lebron.james not found
2025-02-11 04:19:48,290 INFO [JavaFX Application Thread] o.b.d.BudgetRepository [BudgetRepository.java:35] Budget for user lebron.james not found
2025-02-11 04:20:47,412 INFO [JavaFX Application Thread] o.b.d.BudgetRepository [BudgetRepository.java:35] Budget for user lebron.james not found
2025-02-11 04:21:56,257 INFO [JavaFX Application Thread] o.b.d.BudgetRepository [BudgetRepository.java:35] Budget for user patrik.krizan not found
2025-02-11 04:22:09,823 INFO [JavaFX Application Thread] o.b.d.BudgetRepository [BudgetRepository.java:35] Budget for user patrik.krizan not found
2025-02-11 04:22:20,226 INFO [JavaFX Application Thread] o.b.d.BudgetRepository [BudgetRepository.java:35] Budget for user patrik.krizan not found
2025-02-11 04:36:06,875 INFO [JavaFX Application Thread] o.b.d.BudgetRepository [BudgetRepository.java:35] Budget for user bla.bla not found
2025-02-11 04:36:42,950 INFO [JavaFX Application Thread] o.b.d.BudgetRepository [BudgetRepository.java:35] Budget for user bla.bla not found
2025-02-11 04:37:02,501 INFO [JavaFX Application Thread] o.b.d.BudgetRepository [BudgetRepository.java:35] Budget for user bla.bla not found
2025-02-11 04:37:02,949 INFO [JavaFX Application Thread] o.b.d.BudgetRepository [BudgetRepository.java:35] Budget for user bla.bla not found
2025-02-11 04:37:03,971 INFO [JavaFX Application Thread] o.b.d.BudgetRepository [BudgetRepository.java:35] Budget for user bla.bla not found
2025-02-11 04:37:04,792 INFO [JavaFX Application Thread] o.b.d.BudgetRepository [BudgetRepository.java:35] Budget for user lebron.james not found
2025-02-11 04:37:05,268 INFO [JavaFX Application Thread] o.b.d.BudgetRepository [BudgetRepository.java:35] Budget for user bla.bla not found
2025-02-11 04:37:07,147 INFO [JavaFX Application Thread] o.b.d.BudgetRepository [BudgetRepository.java:35] Budget for user lebron.james not found
2025-02-11 04:37:07,557 INFO [JavaFX Application Thread] o.b.d.BudgetRepository [BudgetRepository.java:35] Budget for user bla.bla not found
2025-02-11 04:37:07,947 INFO [JavaFX Application Thread] o.b.d.BudgetRepository [BudgetRepository.java:35] Budget for user bla.bla not found
2025-02-11 04:37:08,258 INFO [JavaFX Application Thread] o.b.d.BudgetRepository [BudgetRepository.java:35] Budget for user bla.bla not found
2025-02-11 04:37:08,574 INFO [JavaFX Application Thread] o.b.d.BudgetRepository [BudgetRepository.java:35] Budget for user bla.bla not found
2025-02-11 04:37:09,636 INFO [JavaFX Application Thread] o.b.d.BudgetRepository [BudgetRepository.java:35] Budget for user bla.bla not found
2025-02-11 04:37:09,861 INFO [JavaFX Application Thread] o.b.d.BudgetRepository [BudgetRepository.java:35] Budget for user bla.bla not found
2025-02-11 04:37:16,922 INFO [JavaFX Application Thread] o.b.d.BudgetRepository [BudgetRepository.java:35] Budget for user bla.bla not found
2025-02-11 04:37:17,268 INFO [JavaFX Application Thread] o.b.d.BudgetRepository [BudgetRepository.java:35] Budget for user bla.bla not found
2025-02-11 04:37:22,484 INFO [JavaFX Application Thread] o.b.d.BudgetRepository [BudgetRepository.java:35] Budget for user lebron.james not found
2025-02-11 04:37:22,982 INFO [JavaFX Application Thread] o.b.d.BudgetRepository [BudgetRepository.java:35] Budget for user lebron.james not found
2025-02-11 04:37:23,335 INFO [JavaFX Application Thread] o.b.d.BudgetRepository [BudgetRepository.java:35] Budget for user bla.bla not found
2025-02-11 04:37:23,772 INFO [JavaFX Application Thread] o.b.d.BudgetRepository [BudgetRepository.java:35] Budget for user lebron.james not found
2025-02-11 04:37:24,098 INFO [JavaFX Application Thread] o.b.d.BudgetRepository [BudgetRepository.java:35] Budget for user lebron.james not found
2025-02-11 04:37:28,981 INFO [JavaFX Application Thread] o.b.d.BudgetRepository [BudgetRepository.java:35] Budget for user lebron.james not found
2025-02-11 04:37:29,229 INFO [JavaFX Application Thread] o.b.d.BudgetRepository [BudgetRepository.java:35] Budget for user lebron.james not found
2025-02-11 04:37:29,485 INFO [JavaFX Application Thread] o.b.d.BudgetRepository [BudgetRepository.java:35] Budget for user lebron.james not found
2025-02-11 04:37:29,632 INFO [JavaFX Application Thread] o.b.d.BudgetRepository [BudgetRepository.java:35] Budget for user lebron.james not found
2025-02-11 04:37:29,787 INFO [JavaFX Application Thread] o.b.d.BudgetRepository [BudgetRepository.java:35] Budget for user lebron.james not found
2025-02-11 04:37:30,448 INFO [JavaFX Application Thread] o.b.d.BudgetRepository [BudgetRepository.java:35] Budget for user lebron.james not found
2025-02-11 04:37:31,212 INFO [JavaFX Application Thread] o.b.d.BudgetRepository [BudgetRepository.java:35] Budget for user lebron.james not found
2025-02-11 04:37:31,330 INFO [JavaFX Application Thread] o.b.d.BudgetRepository [BudgetRepository.java:35] Budget for user lebron.james not found
2025-02-11 04:37:45,892 INFO [JavaFX Application Thread] o.b.d.BudgetRepository [BudgetRepository.java:35] Budget for user bla.bla not found
2025-02-11 04:38:24,187 INFO [JavaFX Application Thread] o.b.d.BudgetRepository [BudgetRepository.java:35] Budget for user bla.bla not found
2025-02-11 04:38:27,315 INFO [JavaFX Application Thread] o.b.d.BudgetRepository [BudgetRepository.java:35] Budget for user bla.bla not found
2025-02-11 04:39:03,840 INFO [JavaFX Application Thread] o.b.c.LoginController [LoginController.java:41] Invalid username or password entered: username:bla.bla|password:bla
2025-02-11 04:39:10,027 INFO [JavaFX Application Thread] o.b.d.BudgetRepository [BudgetRepository.java:35] Budget for user lebron.james not found
2025-02-11 04:39:10,835 INFO [JavaFX Application Thread] o.b.d.BudgetRepository [BudgetRepository.java:35] Budget for user lebron.james not found
2025-02-11 04:39:12,363 INFO [JavaFX Application Thread] o.b.d.BudgetRepository [BudgetRepository.java:35] Budget for user lebron.james not found
2025-02-11 04:39:19,938 INFO [JavaFX Application Thread] o.b.d.BudgetRepository [BudgetRepository.java:35] Budget for user lebron.james not found
2025-02-11 04:39:28,900 INFO [JavaFX Application Thread] o.b.d.BudgetRepository [BudgetRepository.java:35] Budget for user lebron.james not found
2025-02-11 15:59:51,729 INFO [JavaFX Application Thread] o.b.d.BudgetRepository [BudgetRepository.java:35] Budget for user lebron.james not found
2025-02-11 15:59:53,258 INFO [JavaFX Application Thread] o.b.d.BudgetRepository [BudgetRepository.java:35] Budget for user lebron.james not found
2025-02-11 16:00:03,434 INFO [JavaFX Application Thread] o.b.d.BudgetRepository [BudgetRepository.java:35] Budget for user lebron.james not found
2025-02-11 16:00:06,307 INFO [JavaFX Application Thread] o.b.d.BudgetRepository [BudgetRepository.java:35] Budget for user lebron.james not found
2025-02-11 16:00:20,194 INFO [JavaFX Application Thread] o.b.d.BudgetRepository [BudgetRepository.java:35] Budget for user lebron.james not found
2025-02-11 16:00:56,606 INFO [JavaFX Application Thread] o.b.d.BudgetRepository [BudgetRepository.java:35] Budget for user lebron.james not found
2025-02-11 16:01:00,658 INFO [JavaFX Application Thread] o.b.d.BudgetRepository [BudgetRepository.java:35] Budget for user lebron.james not found
2025-02-11 16:07:21,727 INFO [JavaFX Application Thread] o.b.d.BudgetRepository [BudgetRepository.java:35] Budget for user lebron.james not found
2025-02-11 16:07:35,332 INFO [JavaFX Application Thread] o.b.d.BudgetRepository [BudgetRepository.java:35] Budget for user lebron.james not found
2025-02-11 16:07:39,527 INFO [JavaFX Application Thread] o.b.d.BudgetRepository [BudgetRepository.java:35] Budget for user lebron.james not found
2025-02-12 00:45:21,021 INFO [JavaFX Application Thread] o.b.c.LoginController [LoginController.java:41] Invalid username or password entered: username:mark.roberts|password:2134
2025-02-19 18:53:11,353 INFO [JavaFX Application Thread] o.b.u.AuditLoggerUtil [AuditLoggerUtil.java:41] Error loading audit log: org.btet.model.AuditLog; local class incompatible: stream classdesc serialVersionUID = 1979559788153075333, local class serialVersionUID = 3905661962446531119
2025-02-19 18:53:53,062 INFO [JavaFX Application Thread] o.b.d.BudgetRepository [BudgetRepository.java:42] Budget for user john.pork not found
2025-02-19 18:53:53,586 INFO [JavaFX Application Thread] o.b.d.BudgetRepository [BudgetRepository.java:42] Budget for user john.pork not found
2025-02-19 18:54:26,320 INFO [JavaFX Application Thread] o.b.d.BudgetRepository [BudgetRepository.java:42] Budget for user john.pork not found
2025-02-19 19:21:45,099 INFO [JavaFX Application Thread] o.b.u.AuditLoggerUtil [AuditLoggerUtil.java:50] Error loading audit log: null
2025-02-19 19:22:37,732 INFO [JavaFX Application Thread] o.b.u.AuditLoggerUtil [AuditLoggerUtil.java:50] Error loading audit log: null
2025-02-19 19:22:44,828 INFO [JavaFX Application Thread] o.b.u.AuditLoggerUtil [AuditLoggerUtil.java:50] Error loading audit log: null
2025-02-19 19:22:52,732 INFO [JavaFX Application Thread] o.b.u.AuditLoggerUtil [AuditLoggerUtil.java:50] Error loading audit log: null
2025-02-19 19:22:59,820 INFO [JavaFX Application Thread] o.b.u.AuditLoggerUtil [AuditLoggerUtil.java:50] Error loading audit log: null
2025-02-20 00:16:28,689 INFO [JavaFX Application Thread] o.b.u.ValidationUtil [ValidationUtil.java:39] Error parsing BigDecimal: Character f is neither a decimal digit number, decimal point, nor "e" notation exponential mark.
2025-02-20 00:16:30,899 INFO [JavaFX Application Thread] o.b.u.ValidationUtil [ValidationUtil.java:39] Error parsing BigDecimal: Character f is neither a decimal digit number, decimal point, nor "e" notation exponential mark.
2025-02-20 00:21:56,073 INFO [JavaFX Application Thread] o.b.u.ValidationUtil [ValidationUtil.java:39] Error parsing BigDecimal: Character k is neither a decimal digit number, decimal point, nor "e" notation exponential mark.
2025-02-20 00:25:49,563 INFO [JavaFX Application Thread] o.b.u.ValidationUtil [ValidationUtil.java:39] Error parsing BigDecimal: Character d is neither a decimal digit number, decimal point, nor "e" notation exponential mark.
2025-02-20 00:31:02,693 INFO [JavaFX Application Thread] o.b.u.AuditLoggerUtil [AuditLoggerUtil.java:50] Error loading audit log: null
2025-02-20 00:31:20,675 INFO [JavaFX Application Thread] o.b.c.LoginController [LoginController.java:49] Invalid username or password entered: username:lebron.james|password:basket2
2025-02-20 00:32:26,877 INFO [JavaFX Application Thread] o.b.u.ValidationUtil [ValidationUtil.java:39] Error parsing BigDecimal: Character s is neither a decimal digit number, decimal point, nor "e" notation exponential mark.
2025-02-20 00:32:30,162 INFO [JavaFX Application Thread] o.b.u.AuditLoggerUtil [AuditLoggerUtil.java:50] Error loading audit log: null
2025-02-20 00:32:40,693 INFO [JavaFX Application Thread] o.b.u.AuditLoggerUtil [AuditLoggerUtil.java:50] Error loading audit log: null
2025-02-20 00:34:38,654 INFO [JavaFX Application Thread] o.b.u.ValidationUtil [ValidationUtil.java:39] Error parsing BigDecimal: Character d is neither a decimal digit number, decimal point, nor "e" notation exponential mark.
2025-02-20 00:34:53,370 INFO [JavaFX Application Thread] o.b.u.AuditLoggerUtil [AuditLoggerUtil.java:50] Error loading audit log: null
2025-02-20 00:34:57,012 INFO [JavaFX Application Thread] o.b.u.AuditLoggerUtil [AuditLoggerUtil.java:50] Error loading audit log: null
2025-02-20 00:35:08,364 INFO [JavaFX Application Thread] o.b.u.AuditLoggerUtil [AuditLoggerUtil.java:50] Error loading audit log: null
2025-02-20 00:35:12,028 INFO [JavaFX Application Thread] o.b.u.AuditLoggerUtil [AuditLoggerUtil.java:50] Error loading audit log: null
2025-02-20 00:35:23,372 INFO [JavaFX Application Thread] o.b.u.AuditLoggerUtil [AuditLoggerUtil.java:50] Error loading audit log: null
2025-02-20 00:35:27,020 INFO [JavaFX Application Thread] o.b.u.AuditLoggerUtil [AuditLoggerUtil.java:50] Error loading audit log: null
2025-02-20 00:35:27,824 INFO [JavaFX Application Thread] o.b.u.AuditLoggerUtil [AuditLoggerUtil.java:50] Error loading audit log: null
2025-02-20 00:35:38,371 INFO [JavaFX Application Thread] o.b.u.AuditLoggerUtil [AuditLoggerUtil.java:50] Error loading audit log: null
2025-02-20 00:35:42,027 INFO [JavaFX Application Thread] o.b.u.AuditLoggerUtil [AuditLoggerUtil.java:50] Error loading audit log: null
2025-02-20 00:35:53,372 INFO [JavaFX Application Thread] o.b.u.AuditLoggerUtil [AuditLoggerUtil.java:50] Error loading audit log: null
2025-02-20 00:35:57,020 INFO [JavaFX Application Thread] o.b.u.AuditLoggerUtil [AuditLoggerUtil.java:50] Error loading audit log: null
2025-02-20 00:36:08,364 INFO [JavaFX Application Thread] o.b.u.AuditLoggerUtil [AuditLoggerUtil.java:50] Error loading audit log: null
2025-02-20 00:36:12,027 INFO [JavaFX Application Thread] o.b.u.AuditLoggerUtil [AuditLoggerUtil.java:50] Error loading audit log: null
2025-02-20 00:36:23,372 INFO [JavaFX Application Thread] o.b.u.AuditLoggerUtil [AuditLoggerUtil.java:50] Error loading audit log: null
2025-02-20 00:36:27,020 INFO [JavaFX Application Thread] o.b.u.AuditLoggerUtil [AuditLoggerUtil.java:50] Error loading audit log: null
2025-02-20 00:36:29,638 INFO [JavaFX Application Thread] o.b.u.AuditLoggerUtil [AuditLoggerUtil.java:50] Error loading audit log: null
2025-02-20 00:36:38,372 INFO [JavaFX Application Thread] o.b.u.AuditLoggerUtil [AuditLoggerUtil.java:50] Error loading audit log: null
2025-02-20 00:36:39,997 INFO [JavaFX Application Thread] o.b.u.AuditLoggerUtil [AuditLoggerUtil.java:50] Error loading audit log: null
2025-02-20 00:36:42,035 INFO [JavaFX Application Thread] o.b.u.AuditLoggerUtil [AuditLoggerUtil.java:50] Error loading audit log: null
2025-02-20 00:36:53,372 INFO [JavaFX Application Thread] o.b.u.AuditLoggerUtil [AuditLoggerUtil.java:50] Error loading audit log: null
2025-02-20 00:36:57,020 INFO [JavaFX Application Thread] o.b.u.AuditLoggerUtil [AuditLoggerUtil.java:50] Error loading audit log: null
2025-02-20 00:37:07,170 INFO [JavaFX Application Thread] o.b.c.LoginController [LoginController.java:49] Invalid username or password entered: username:frank.wave|password:
2025-02-20 00:37:08,364 INFO [JavaFX Application Thread] o.b.u.AuditLoggerUtil [AuditLoggerUtil.java:50] Error loading audit log: null
2025-02-20 00:37:12,012 INFO [JavaFX Application Thread] o.b.u.AuditLoggerUtil [AuditLoggerUtil.java:50] Error loading audit log: null
2025-02-20 00:48:47,532 INFO [JavaFX Application Thread] o.b.u.AuditLoggerUtil [AuditLoggerUtil.java:50] Error loading audit log: null
2025-02-20 00:49:39,463 INFO [JavaFX Application Thread] o.b.u.AuditLoggerUtil [AuditLoggerUtil.java:50] Error loading audit log: null
2025-02-20 00:50:57,651 INFO [JavaFX Application Thread] o.b.u.AuditLoggerUtil [AuditLoggerUtil.java:50] Error loading audit log: null
2025-02-20 00:51:53,053 INFO [JavaFX Application Thread] o.b.u.AuditLoggerUtil [AuditLoggerUtil.java:50] Error loading audit log: null
2025-02-20 00:52:08,055 INFO [JavaFX Application Thread] o.b.u.AuditLoggerUtil [AuditLoggerUtil.java:50] Error loading audit log: null
2025-02-20 00:52:23,063 INFO [JavaFX Application Thread] o.b.u.AuditLoggerUtil [AuditLoggerUtil.java:50] Error loading audit log: null
2025-02-20 00:52:38,055 INFO [JavaFX Application Thread] o.b.u.AuditLoggerUtil [AuditLoggerUtil.java:50] Error loading audit log: null
2025-02-20 00:53:43,806 INFO [JavaFX Application Thread] o.b.u.AuditLoggerUtil [AuditLoggerUtil.java:50] Error loading audit log: null
2025-02-20 00:53:56,896 INFO [JavaFX Application Thread] o.b.u.AuditLoggerUtil [AuditLoggerUtil.java:50] Error loading audit log: null
2025-02-20 00:53:58,813 INFO [JavaFX Application Thread] o.b.u.AuditLoggerUtil [AuditLoggerUtil.java:50] Error loading audit log: null
2025-02-20 00:54:00,540 INFO [JavaFX Application Thread] o.b.u.AuditLoggerUtil [AuditLoggerUtil.java:50] Error loading audit log: null
2025-02-20 00:54:05,443 INFO [JavaFX Application Thread] o.b.u.AuditLoggerUtil [AuditLoggerUtil.java:50] Error loading audit log: null
2025-02-20 00:54:10,154 INFO [JavaFX Application Thread] o.b.u.AuditLoggerUtil [AuditLoggerUtil.java:50] Error loading audit log: null
2025-02-20 00:54:13,820 INFO [JavaFX Application Thread] o.b.u.AuditLoggerUtil [AuditLoggerUtil.java:50] Error loading audit log: null
2025-02-20 00:54:28,037 INFO [JavaFX Application Thread] o.b.u.AuditLoggerUtil [AuditLoggerUtil.java:50] Error loading audit log: null
2025-02-20 00:54:28,813 INFO [JavaFX Application Thread] o.b.u.AuditLoggerUtil [AuditLoggerUtil.java:50] Error loading audit log: null
2025-02-20 00:54:33,787 INFO [JavaFX Application Thread] o.b.u.AuditLoggerUtil [AuditLoggerUtil.java:50] Error loading audit log: null
2025-02-20 00:54:43,823 INFO [JavaFX Application Thread] o.b.u.AuditLoggerUtil [AuditLoggerUtil.java:50] Error loading audit log: null
2025-02-20 00:54:58,805 INFO [JavaFX Application Thread] o.b.u.AuditLoggerUtil [AuditLoggerUtil.java:50] Error loading audit log: null
2025-02-20 00:55:13,813 INFO [JavaFX Application Thread] o.b.u.AuditLoggerUtil [AuditLoggerUtil.java:50] Error loading audit log: null
2025-02-20 00:55:28,804 INFO [JavaFX Application Thread] o.b.u.AuditLoggerUtil [AuditLoggerUtil.java:50] Error loading audit log: null
2025-02-20 00:55:43,814 INFO [JavaFX Application Thread] o.b.u.AuditLoggerUtil [AuditLoggerUtil.java:50] Error loading audit log: null
2025-02-20 01:01:08,276 INFO [JavaFX Application Thread] o.b.u.AuditLoggerUtil [AuditLoggerUtil.java:50] Error loading audit log: null
2025-02-20 01:01:23,286 INFO [JavaFX Application Thread] o.b.u.AuditLoggerUtil [AuditLoggerUtil.java:50] Error loading audit log: null
2025-02-20 01:02:07,069 INFO [JavaFX Application Thread] o.b.u.AuditLoggerUtil [AuditLoggerUtil.java:50] Error loading audit log: null
2025-02-20 01:02:22,063 INFO [JavaFX Application Thread] o.b.u.AuditLoggerUtil [AuditLoggerUtil.java:50] Error loading audit log: null
2025-02-20 01:02:37,071 INFO [JavaFX Application Thread] o.b.u.AuditLoggerUtil [AuditLoggerUtil.java:50] Error loading audit log: null
2025-02-20 01:02:52,063 INFO [JavaFX Application Thread] o.b.u.AuditLoggerUtil [AuditLoggerUtil.java:50] Error loading audit log: null
2025-02-20 01:03:07,071 INFO [JavaFX Application Thread] o.b.u.AuditLoggerUtil [AuditLoggerUtil.java:50] Error loading audit log: null
2025-02-20 01:03:22,063 INFO [JavaFX Application Thread] o.b.u.AuditLoggerUtil [AuditLoggerUtil.java:50] Error loading audit log: null
2025-02-20 01:03:37,071 INFO [JavaFX Application Thread] o.b.u.AuditLoggerUtil [AuditLoggerUtil.java:50] Error loading audit log: null
2025-02-20 01:03:52,063 INFO [JavaFX Application Thread] o.b.u.AuditLoggerUtil [AuditLoggerUtil.java:50] Error loading audit log: null
2025-02-20 01:04:07,071 INFO [JavaFX Application Thread] o.b.u.AuditLoggerUtil [AuditLoggerUtil.java:50] Error loading audit log: null
2025-02-20 01:23:21,238 INFO [JavaFX Application Thread] o.b.u.AuditLoggerUtil [AuditLoggerUtil.java:50] Error loading audit log: null
2025-02-20 01:23:27,043 INFO [JavaFX Application Thread] o.b.u.ValidationUtil [ValidationUtil.java:39] Error parsing BigDecimal: Character w is neither a decimal digit number, decimal point, nor "e" notation exponential mark.
2025-02-20 01:23:36,248 INFO [JavaFX Application Thread] o.b.u.AuditLoggerUtil [AuditLoggerUtil.java:50] Error loading audit log: null
2025-02-20 01:23:39,671 INFO [JavaFX Application Thread] o.b.u.AuditLoggerUtil [AuditLoggerUtil.java:50] Error loading audit log: null
2025-02-20 01:23:51,249 INFO [JavaFX Application Thread] o.b.u.AuditLoggerUtil [AuditLoggerUtil.java:50] Error loading audit log: null
2025-02-20 01:24:06,247 INFO [JavaFX Application Thread] o.b.u.AuditLoggerUtil [AuditLoggerUtil.java:50] Error loading audit log: null
2025-02-20 01:24:21,240 INFO [JavaFX Application Thread] o.b.u.AuditLoggerUtil [AuditLoggerUtil.java:50] Error loading audit log: null
2025-02-20 01:24:36,247 INFO [JavaFX Application Thread] o.b.u.AuditLoggerUtil [AuditLoggerUtil.java:50] Error loading audit log: null
2025-02-20 01:24:51,239 INFO [JavaFX Application Thread] o.b.u.AuditLoggerUtil [AuditLoggerUtil.java:50] Error loading audit log: null
2025-02-20 01:25:06,248 INFO [JavaFX Application Thread] o.b.u.AuditLoggerUtil [AuditLoggerUtil.java:50] Error loading audit log: null
2025-02-20 01:25:21,240 INFO [JavaFX Application Thread] o.b.u.AuditLoggerUtil [AuditLoggerUtil.java:50] Error loading audit log: null
2025-02-20 01:25:36,247 INFO [JavaFX Application Thread] o.b.u.AuditLoggerUtil [AuditLoggerUtil.java:50] Error loading audit log: null
2025-02-20 01:26:38,049 INFO [JavaFX Application Thread] o.b.u.AuditLoggerUtil [AuditLoggerUtil.java:50] Error loading audit log: null
2025-02-20 01:26:41,705 INFO [JavaFX Application Thread] o.b.u.ValidationUtil [ValidationUtil.java:39] Error parsing BigDecimal: Character a is neither a decimal digit number, decimal point, nor "e" notation exponential mark.
2025-02-20 01:26:53,054 INFO [JavaFX Application Thread] o.b.u.AuditLoggerUtil [AuditLoggerUtil.java:50] Error loading audit log: null
2025-02-20 01:27:08,045 INFO [JavaFX Application Thread] o.b.u.AuditLoggerUtil [AuditLoggerUtil.java:50] Error loading audit log: null
2025-02-20 01:27:23,053 INFO [JavaFX Application Thread] o.b.u.AuditLoggerUtil [AuditLoggerUtil.java:50] Error loading audit log: null
2025-02-20 01:27:38,046 INFO [JavaFX Application Thread] o.b.u.AuditLoggerUtil [AuditLoggerUtil.java:50] Error loading audit log: null
2025-02-20 01:27:53,053 INFO [JavaFX Application Thread] o.b.u.AuditLoggerUtil [AuditLoggerUtil.java:50] Error loading audit log: null
2025-02-20 01:28:08,045 INFO [JavaFX Application Thread] o.b.u.AuditLoggerUtil [AuditLoggerUtil.java:50] Error loading audit log: null
2025-02-20 01:28:23,053 INFO [JavaFX Application Thread] o.b.u.AuditLoggerUtil [AuditLoggerUtil.java:50] Error loading audit log: null
2025-02-20 01:28:41,876 INFO [JavaFX Application Thread] o.b.u.AuditLoggerUtil [AuditLoggerUtil.java:50] Error loading audit log: null
2025-02-20 01:28:46,327 INFO [JavaFX Application Thread] o.b.u.ValidationUtil [ValidationUtil.java:39] Error parsing BigDecimal: Character a is neither a decimal digit number, decimal point, nor "e" notation exponential mark.
2025-02-20 01:28:47,448 INFO [JavaFX Application Thread] o.b.u.ValidationUtil [ValidationUtil.java:39] Error parsing BigDecimal: Character a is neither a decimal digit number, decimal point, nor "e" notation exponential mark.
2025-02-20 01:28:47,580 INFO [JavaFX Application Thread] o.b.u.ValidationUtil [ValidationUtil.java:39] Error parsing BigDecimal: Character a is neither a decimal digit number, decimal point, nor "e" notation exponential mark.
2025-02-20 01:28:47,712 INFO [JavaFX Application Thread] o.b.u.ValidationUtil [ValidationUtil.java:39] Error parsing BigDecimal: Character a is neither a decimal digit number, decimal point, nor "e" notation exponential mark.
2025-02-20 01:28:47,812 INFO [JavaFX Application Thread] o.b.u.ValidationUtil [ValidationUtil.java:39] Error parsing BigDecimal: Character a is neither a decimal digit number, decimal point, nor "e" notation exponential mark.
2025-02-20 01:28:56,872 INFO [JavaFX Application Thread] o.b.u.AuditLoggerUtil [AuditLoggerUtil.java:50] Error loading audit log: null
2025-02-20 01:29:03,773 INFO [JavaFX Application Thread] o.b.u.ValidationUtil [ValidationUtil.java:39] Error parsing BigDecimal: Character f is neither a decimal digit number, decimal point, nor "e" notation exponential mark.
2025-02-20 01:29:03,907 INFO [JavaFX Application Thread] o.b.u.ValidationUtil [ValidationUtil.java:39] Error parsing BigDecimal: Character f is neither a decimal digit number, decimal point, nor "e" notation exponential mark.
2025-02-20 01:29:04,024 INFO [JavaFX Application Thread] o.b.u.ValidationUtil [ValidationUtil.java:39] Error parsing BigDecimal: Character f is neither a decimal digit number, decimal point, nor "e" notation exponential mark.
2025-02-20 01:29:11,880 INFO [JavaFX Application Thread] o.b.u.AuditLoggerUtil [AuditLoggerUtil.java:50] Error loading audit log: null
2025-02-20 01:29:26,872 INFO [JavaFX Application Thread] o.b.u.AuditLoggerUtil [AuditLoggerUtil.java:50] Error loading audit log: null
2025-02-20 01:29:32,913 INFO [JavaFX Application Thread] o.b.u.ValidationUtil [ValidationUtil.java:39] Error parsing BigDecimal: Character f is neither a decimal digit number, decimal point, nor "e" notation exponential mark.
2025-02-20 01:33:14,466 INFO [JavaFX Application Thread] o.b.u.AuditLoggerUtil [AuditLoggerUtil.java:50] Error loading audit log: null
2025-02-20 01:33:50,541 INFO [JavaFX Application Thread] o.b.u.AuditLoggerUtil [AuditLoggerUtil.java:50] Error loading audit log: null
2025-02-20 01:34:05,540 INFO [JavaFX Application Thread] o.b.u.AuditLoggerUtil [AuditLoggerUtil.java:50] Error loading audit log: null
2025-02-20 01:34:08,645 INFO [JavaFX Application Thread] o.b.u.ValidationUtil [ValidationUtil.java:39] Error parsing BigDecimal: Character f is neither a decimal digit number, decimal point, nor "e" notation exponential mark.
2025-02-20 01:34:14,305 INFO [JavaFX Application Thread] o.b.u.ValidationUtil [ValidationUtil.java:39] Error parsing BigDecimal: Character f is neither a decimal digit number, decimal point, nor "e" notation exponential mark.
2025-02-20 01:34:17,197 INFO [JavaFX Application Thread] o.b.u.ValidationUtil [ValidationUtil.java:39] Error parsing BigDecimal: Character f is neither a decimal digit number, decimal point, nor "e" notation exponential mark.
2025-02-20 01:34:19,760 INFO [JavaFX Application Thread] o.b.u.ValidationUtil [ValidationUtil.java:39] Error parsing BigDecimal: Character g is neither a decimal digit number, decimal point, nor "e" notation exponential mark.
2025-02-20 01:34:19,906 INFO [JavaFX Application Thread] o.b.u.ValidationUtil [ValidationUtil.java:39] Error parsing BigDecimal: Character g is neither a decimal digit number, decimal point, nor "e" notation exponential mark.
2025-02-20 01:34:20,547 INFO [JavaFX Application Thread] o.b.u.AuditLoggerUtil [AuditLoggerUtil.java:50] Error loading audit log: null
2025-02-20 01:34:20,976 INFO [JavaFX Application Thread] o.b.u.ValidationUtil [ValidationUtil.java:39] Error parsing BigDecimal: Character g is neither a decimal digit number, decimal point, nor "e" notation exponential mark.
2025-02-20 02:32:42,715 INFO [JavaFX Application Thread] o.b.c.LoginController [LoginController.java:55] Invalid username or password entered: username:|password:
2025-02-20 02:33:00,517 INFO [JavaFX Application Thread] o.b.c.LoginController [LoginController.java:52] Invalid username or password entered: username:|password:
2025-02-20 02:33:01,075 INFO [JavaFX Application Thread] o.b.c.LoginController [LoginController.java:52] Invalid username or password entered: username:|password:
2025-02-20 02:33:01,797 INFO [JavaFX Application Thread] o.b.c.LoginController [LoginController.java:52] Invalid username or password entered: username:|password:
2025-02-20 02:37:02,496 INFO [JavaFX Application Thread] o.b.c.LoginController [LoginController.java:52] Invalid username or password entered: username:|password:
2025-02-20 02:57:22,169 INFO [JavaFX Application Thread] o.b.c.LoginController [LoginController.java:49] Invalid username or password entered: username:|password:
2025-02-20 03:05:27,178 INFO [JavaFX Application Thread] o.b.c.LoginController [LoginController.java:49] Invalid username or password entered: username:lebron.james|password:basket2
2025-02-20 03:10:29,801 INFO [JavaFX Application Thread] o.b.u.AuditLoggerUtil [AuditLoggerUtil.java:50] Error loading audit log: null
2025-02-20 03:10:47,368 INFO [JavaFX Application Thread] o.b.u.AuditLoggerUtil [AuditLoggerUtil.java:50] Error loading audit log: null
2025-02-20 04:02:08,659 INFO [JavaFX Application Thread] o.b.c.LoginController [LoginController.java:49] Invalid username or password entered: username:|password:basket
2025-02-20 04:02:39,864 INFO [JavaFX Application Thread] o.b.c.LoginController [LoginController.java:49] Invalid username or password entered: username:|password:1234
2025-02-20 05:44:50,336 INFO [JavaFX Application Thread] o.b.u.AuditLoggerUtil [AuditLoggerUtil.java:50] Error loading audit log: null
2025-02-20 05:44:53,812 INFO [JavaFX Application Thread] o.b.u.AuditLoggerUtil [AuditLoggerUtil.java:50] Error loading audit log: null
2025-02-20 05:45:06,478 INFO [JavaFX Application Thread] o.b.u.AuditLoggerUtil [AuditLoggerUtil.java:50] Error loading audit log: null
2025-02-20 05:45:13,030 INFO [JavaFX Application Thread] o.b.u.ValidationUtil [ValidationUtil.java:39] Error parsing BigDecimal: Character d is neither a decimal digit number, decimal point, nor "e" notation exponential mark.
2025-02-20 05:45:22,443 INFO [JavaFX Application Thread] o.b.u.AuditLoggerUtil [AuditLoggerUtil.java:50] Error loading audit log: null
2025-02-20 05:45:32,590 INFO [JavaFX Application Thread] o.b.u.AuditLoggerUtil [AuditLoggerUtil.java:50] Error loading audit log: null
2025-02-20 05:46:01,463 INFO [JavaFX Application Thread] o.b.d.BudgetRepository [BudgetRepository.java:42] Budget for user john.pork not found
2025-02-20 05:46:05,424 INFO [JavaFX Application Thread] o.b.d.BudgetRepository [BudgetRepository.java:42] Budget for user john.pork not found
2025-02-20 05:46:18,221 INFO [JavaFX Application Thread] o.b.u.AuditLoggerUtil [AuditLoggerUtil.java:50] Error loading audit log: null
2025-02-20 05:46:23,630 INFO [JavaFX Application Thread] o.b.u.AuditLoggerUtil [AuditLoggerUtil.java:50] Error loading audit log: null
2025-02-20 05:46:24,644 INFO [JavaFX Application Thread] o.b.u.AuditLoggerUtil [AuditLoggerUtil.java:50] Error loading audit log: null
2025-02-20 05:46:25,323 INFO [JavaFX Application Thread] o.b.u.AuditLoggerUtil [AuditLoggerUtil.java:50] Error loading audit log: null
2025-02-20 05:46:33,222 INFO [JavaFX Application Thread] o.b.u.AuditLoggerUtil [AuditLoggerUtil.java:50] Error loading audit log: null
2025-02-20 05:46:39,249 INFO [JavaFX Application Thread] o.b.u.AuditLoggerUtil [AuditLoggerUtil.java:50] Error loading audit log: null
2025-02-20 05:46:47,469 INFO [JavaFX Application Thread] o.b.u.AuditLoggerUtil [AuditLoggerUtil.java:50] Error loading audit log: null
2025-02-20 05:46:48,237 INFO [JavaFX Application Thread] o.b.u.AuditLoggerUtil [AuditLoggerUtil.java:50] Error loading audit log: null
2025-02-20 05:47:03,221 INFO [JavaFX Application Thread] o.b.u.AuditLoggerUtil [AuditLoggerUtil.java:50] Error loading audit log: null
2025-02-20 05:47:18,228 INFO [JavaFX Application Thread] o.b.u.AuditLoggerUtil [AuditLoggerUtil.java:50] Error loading audit log: null
2025-02-20 05:47:33,222 INFO [JavaFX Application Thread] o.b.u.AuditLoggerUtil [AuditLoggerUtil.java:50] Error loading audit log: null
2025-02-20 05:47:48,229 INFO [JavaFX Application Thread] o.b.u.AuditLoggerUtil [AuditLoggerUtil.java:50] Error loading audit log: null
2025-02-20 05:47:57,563 INFO [JavaFX Application Thread] o.b.u.ValidationUtil [ValidationUtil.java:39] Error parsing BigDecimal: Character d is neither a decimal digit number, decimal point, nor "e" notation exponential mark.
2025-02-20 05:48:03,222 INFO [JavaFX Application Thread] o.b.u.AuditLoggerUtil [AuditLoggerUtil.java:50] Error loading audit log: null
2025-02-20 11:06:34,501 INFO [JavaFX Application Thread] o.b.u.AuditLoggerUtil [AuditLoggerUtil.java:50] Error loading audit log: null
2025-02-20 11:06:49,510 INFO [JavaFX Application Thread] o.b.u.AuditLoggerUtil [AuditLoggerUtil.java:50] Error loading audit log: null
2025-02-20 11:07:04,504 INFO [JavaFX Application Thread] o.b.u.AuditLoggerUtil [AuditLoggerUtil.java:50] Error loading audit log: null
2025-02-20 11:07:19,511 INFO [JavaFX Application Thread] o.b.u.AuditLoggerUtil [AuditLoggerUtil.java:50] Error loading audit log: null
2025-02-20 11:07:34,503 INFO [JavaFX Application Thread] o.b.u.AuditLoggerUtil [AuditLoggerUtil.java:50] Error loading audit log: null
2025-02-20 11:07:49,512 INFO [JavaFX Application Thread] o.b.u.AuditLoggerUtil [AuditLoggerUtil.java:50] Error loading audit log: null
2025-02-20 11:08:04,503 INFO [JavaFX Application Thread] o.b.u.AuditLoggerUtil [AuditLoggerUtil.java:50] Error loading audit log: null
2025-02-20 11:08:19,511 INFO [JavaFX Application Thread] o.b.u.AuditLoggerUtil [AuditLoggerUtil.java:50] Error loading audit log: null
2025-02-20 11:08:34,503 INFO [JavaFX Application Thread] o.b.u.AuditLoggerUtil [AuditLoggerUtil.java:50] Error loading audit log: null
2025-02-20 11:31:46,955 INFO [JavaFX Application Thread] o.b.c.LoginController [LoginController.java:49] Invalid username or password entered: username:john.moe|password:johnfdsf
2025-02-20 11:33:31,851 INFO [JavaFX Application Thread] o.b.d.BudgetRepository [BudgetRepository.java:42] Budget for user john.moe not found
2025-02-20 11:33:37,379 INFO [JavaFX Application Thread] o.b.d.BudgetRepository [BudgetRepository.java:42] Budget for user john.moe not found
2025-02-20 11:34:28,569 INFO [JavaFX Application Thread] o.b.u.AuditLoggerUtil [AuditLoggerUtil.java:50] Error loading audit log: null
2025-02-20 11:34:33,613 INFO [JavaFX Application Thread] o.b.u.AuditLoggerUtil [AuditLoggerUtil.java:50] Error loading audit log: null
2025-02-20 11:34:39,038 INFO [JavaFX Application Thread] o.b.u.AuditLoggerUtil [AuditLoggerUtil.java:50] Error loading audit log: null
2025-02-20 11:34:46,577 INFO [JavaFX Application Thread] o.b.u.AuditLoggerUtil [AuditLoggerUtil.java:50] Error loading audit log: null
2025-02-20 11:34:47,666 INFO [JavaFX Application Thread] o.b.u.AuditLoggerUtil [AuditLoggerUtil.java:50] Error loading audit log: null
2025-02-20 11:34:49,399 INFO [JavaFX Application Thread] o.b.u.AuditLoggerUtil [AuditLoggerUtil.java:50] Error loading audit log: null
2025-02-20 11:34:54,028 INFO [JavaFX Application Thread] o.b.u.AuditLoggerUtil [AuditLoggerUtil.java:50] Error loading audit log: null
2025-02-20 11:35:09,036 INFO [JavaFX Application Thread] o.b.u.AuditLoggerUtil [AuditLoggerUtil.java:50] Error loading audit log: null
2025-02-20 11:35:24,027 INFO [JavaFX Application Thread] o.b.u.AuditLoggerUtil [AuditLoggerUtil.java:50] Error loading audit log: null
2025-03-04 19:52:03,146 INFO [JavaFX Application Thread] o.b.u.AuditLoggerUtil [AuditLoggerUtil.java:50] Error loading audit log: null
2025-03-04 19:52:18,122 INFO [JavaFX Application Thread] o.b.u.AuditLoggerUtil [AuditLoggerUtil.java:50] Error loading audit log: null
2025-03-04 19:52:24,870 INFO [JavaFX Application Thread] o.b.c.LoginController [LoginController.java:49] Invalid username or password entered: username:test.e|password:test
2025-03-04 19:52:27,201 INFO [JavaFX Application Thread] o.b.c.LoginController [LoginController.java:49] Invalid username or password entered: username:test.e|password:test
2025-03-04 19:52:29,076 INFO [JavaFX Application Thread] o.b.c.LoginController [LoginController.java:49] Invalid username or password entered: username:test.e|password:test
2025-03-04 19:52:29,280 INFO [JavaFX Application Thread] o.b.c.LoginController [LoginController.java:49] Invalid username or password entered: username:test.e|password:test
2025-03-04 19:52:32,091 INFO [JavaFX Application Thread] o.b.c.LoginController [LoginController.java:49] Invalid username or password entered: username:test.e|password:TEST
2025-03-04 19:52:33,130 INFO [JavaFX Application Thread] o.b.u.AuditLoggerUtil [AuditLoggerUtil.java:50] Error loading audit log: null
2025-03-04 19:52:33,995 INFO [JavaFX Application Thread] o.b.c.LoginController [LoginController.java:49] Invalid username or password entered: username:test.e|password:test
2025-03-04 19:52:34,148 INFO [JavaFX Application Thread] o.b.c.LoginController [LoginController.java:49] Invalid username or password entered: username:test.e|password:test
2025-03-04 19:52:34,289 INFO [JavaFX Application Thread] o.b.c.LoginController [LoginController.java:49] Invalid username or password entered: username:test.e|password:test
2025-03-04 19:52:34,429 INFO [JavaFX Application Thread] o.b.c.LoginController [LoginController.java:49] Invalid username or password entered: username:test.e|password:test
2025-03-04 19:52:37,660 INFO [JavaFX Application Thread] o.b.c.LoginController [LoginController.java:49] Invalid username or password entered: username:test.e|password:test
2025-03-04 19:52:37,804 INFO [JavaFX Application Thread] o.b.c.LoginController [LoginController.java:49] Invalid username or password entered: username:test.e|password:test
2025-03-04 19:52:37,931 INFO [JavaFX Application Thread] o.b.c.LoginController [LoginController.java:49] Invalid username or password entered: username:test.e|password:test
2025-03-04 19:52:38,074 INFO [JavaFX Application Thread] o.b.c.LoginController [LoginController.java:49] Invalid username or password entered: username:test.e|password:test
2025-03-04 19:52:38,194 INFO [JavaFX Application Thread] o.b.c.LoginController [LoginController.java:49] Invalid username or password entered: username:test.e|password:test
2025-03-04 19:52:39,928 INFO [JavaFX Application Thread] o.b.c.LoginController [LoginController.java:49] Invalid username or password entered: username:test.e|password:test
2025-03-04 19:52:40,104 INFO [JavaFX Application Thread] o.b.c.LoginController [LoginController.java:49] Invalid username or password entered: username:test.e|password:test
2025-03-04 19:52:40,303 INFO [JavaFX Application Thread] o.b.c.LoginController [LoginController.java:49] Invalid username or password entered: username:test.e|password:test
2025-03-04 19:52:40,514 INFO [JavaFX Application Thread] o.b.c.LoginController [LoginController.java:49] Invalid username or password entered: username:test.e|password:test
2025-03-04 19:52:46,225 INFO [JavaFX Application Thread] o.b.u.AuditLoggerUtil [AuditLoggerUtil.java:50] Error loading audit log: null
2025-03-04 19:52:48,122 INFO [JavaFX Application Thread] o.b.u.AuditLoggerUtil [AuditLoggerUtil.java:50] Error loading audit log: null
2025-03-04 19:52:54,114 INFO [JavaFX Application Thread] o.b.u.AuditLoggerUtil [AuditLoggerUtil.java:50] Error loading audit log: null
2025-03-04 19:53:01,234 INFO [JavaFX Application Thread] o.b.u.AuditLoggerUtil [AuditLoggerUtil.java:50] Error loading audit log: null
2025-03-04 19:53:03,130 INFO [JavaFX Application Thread] o.b.u.AuditLoggerUtil [AuditLoggerUtil.java:50] Error loading audit log: null
2025-03-04 19:53:16,235 INFO [JavaFX Application Thread] o.b.u.AuditLoggerUtil [AuditLoggerUtil.java:50] Error loading audit log: null
2025-03-04 19:53:18,155 INFO [JavaFX Application Thread] o.b.u.AuditLoggerUtil [AuditLoggerUtil.java:50] Error loading audit log: null
2025-03-04 19:53:31,227 INFO [JavaFX Application Thread] o.b.u.AuditLoggerUtil [AuditLoggerUtil.java:50] Error loading audit log: null
2025-03-04 19:53:33,130 INFO [JavaFX Application Thread] o.b.u.AuditLoggerUtil [AuditLoggerUtil.java:50] Error loading audit log: null
2025-03-04 19:55:23,129 INFO [JavaFX Application Thread] o.b.u.AuditLoggerUtil [AuditLoggerUtil.java:50] Error loading audit log: null
2025-03-04 19:55:38,183 INFO [JavaFX Application Thread] o.b.u.AuditLoggerUtil [AuditLoggerUtil.java:50] Error loading audit log: null
2025-03-04 19:55:51,636 INFO [JavaFX Application Thread] o.b.u.AuditLoggerUtil [AuditLoggerUtil.java:50] Error loading audit log: null
2025-03-04 19:55:53,135 INFO [JavaFX Application Thread] o.b.u.AuditLoggerUtil [AuditLoggerUtil.java:50] Error loading audit log: null
2025-03-04 19:56:08,134 INFO [JavaFX Application Thread] o.b.u.AuditLoggerUtil [AuditLoggerUtil.java:50] Error loading audit log: null
2025-03-04 19:56:23,127 INFO [JavaFX Application Thread] o.b.u.AuditLoggerUtil [AuditLoggerUtil.java:50] Error loading audit log: null
2025-03-04 19:56:38,133 INFO [JavaFX Application Thread] o.b.u.AuditLoggerUtil [AuditLoggerUtil.java:50] Error loading audit log: null
2025-03-04 19:56:40,830 INFO [JavaFX Application Thread] o.b.u.AuditLoggerUtil [AuditLoggerUtil.java:50] Error loading audit log: null
2025-03-04 19:56:53,136 INFO [JavaFX Application Thread] o.b.u.AuditLoggerUtil [AuditLoggerUtil.java:50] Error loading audit log: null
2025-03-04 19:57:08,133 INFO [JavaFX Application Thread] o.b.u.AuditLoggerUtil [AuditLoggerUtil.java:50] Error loading audit log: null
2025-03-04 19:57:23,125 INFO [JavaFX Application Thread] o.b.u.AuditLoggerUtil [AuditLoggerUtil.java:50] Error loading audit log: null
2025-03-04 19:57:32,254 INFO [JavaFX Application Thread] o.b.u.AuditLoggerUtil [AuditLoggerUtil.java:50] Error loading audit log: null
2025-03-04 19:57:38,144 INFO [JavaFX Application Thread] o.b.u.AuditLoggerUtil [AuditLoggerUtil.java:50] Error loading audit log: null
2025-03-04 19:57:53,125 INFO [JavaFX Application Thread] o.b.u.AuditLoggerUtil [AuditLoggerUtil.java:50] Error loading audit log: null
2025-03-04 19:58:08,134 INFO [JavaFX Application Thread] o.b.u.AuditLoggerUtil [AuditLoggerUtil.java:50] Error loading audit log: null
2025-03-04 19:58:23,127 INFO [JavaFX Application Thread] o.b.u.AuditLoggerUtil [AuditLoggerUtil.java:50] Error loading audit log: null
2025-03-04 19:58:38,134 INFO [JavaFX Application Thread] o.b.u.AuditLoggerUtil [AuditLoggerUtil.java:50] Error loading audit log: null
2025-03-04 19:58:53,126 INFO [JavaFX Application Thread] o.b.u.AuditLoggerUtil [AuditLoggerUtil.java:50] Error loading audit log: null
2025-03-04 19:59:08,134 INFO [JavaFX Application Thread] o.b.u.AuditLoggerUtil [AuditLoggerUtil.java:50] Error loading audit log: null
2025-03-04 19:59:23,131 INFO [JavaFX Application Thread] o.b.u.AuditLoggerUtil [AuditLoggerUtil.java:50] Error loading audit log: null
2025-03-04 19:59:43,813 INFO [JavaFX Application Thread] o.b.u.AuditLoggerUtil [AuditLoggerUtil.java:50] Error loading audit log: null
2025-03-04 19:59:54,266 INFO [JavaFX Application Thread] o.b.u.AuditLoggerUtil [AuditLoggerUtil.java:50] Error loading audit log: null
2025-03-04 19:59:58,828 INFO [JavaFX Application Thread] o.b.u.AuditLoggerUtil [AuditLoggerUtil.java:50] Error loading audit log: null
2025-03-04 20:00:13,817 INFO [JavaFX Application Thread] o.b.u.AuditLoggerUtil [AuditLoggerUtil.java:50] Error loading audit log: null
2025-03-04 20:00:28,809 INFO [JavaFX Application Thread] o.b.u.AuditLoggerUtil [AuditLoggerUtil.java:50] Error loading audit log: null
2025-03-04 20:00:43,816 INFO [JavaFX Application Thread] o.b.u.AuditLoggerUtil [AuditLoggerUtil.java:50] Error loading audit log: null
2025-06-08 16:19:01,172 INFO [JavaFX Application Thread] o.b.u.AuditLoggerUtil [AuditLoggerUtil.java:50] Error loading audit log: null
2025-06-08 16:19:16,158 INFO [JavaFX Application Thread] o.b.u.AuditLoggerUtil [AuditLoggerUtil.java:50] Error loading audit log: null
2025-06-08 16:19:31,166 INFO [JavaFX Application Thread] o.b.u.AuditLoggerUtil [AuditLoggerUtil.java:50] Error loading audit log: null
2025-06-08 16:19:46,158 INFO [JavaFX Application Thread] o.b.u.AuditLoggerUtil [AuditLoggerUtil.java:50] Error loading audit log: null
2025-06-08 16:19:51,229 INFO [JavaFX Application Thread] o.b.u.AuditLoggerUtil [AuditLoggerUtil.java:50] Error loading audit log: null
2025-06-08 16:20:01,165 INFO [JavaFX Application Thread] o.b.u.AuditLoggerUtil [AuditLoggerUtil.java:50] Error loading audit log: null
2025-06-08 16:20:06,238 INFO [JavaFX Application Thread] o.b.u.AuditLoggerUtil [AuditLoggerUtil.java:50] Error loading audit log: null
2025-06-08 16:20:16,158 INFO [JavaFX Application Thread] o.b.u.AuditLoggerUtil [AuditLoggerUtil.java:50] Error loading audit log: null
2025-06-08 16:20:21,230 INFO [JavaFX Application Thread] o.b.u.AuditLoggerUtil [AuditLoggerUtil.java:50] Error loading audit log: null
2025-06-08 16:20:31,149 INFO [JavaFX Application Thread] o.b.u.AuditLoggerUtil [AuditLoggerUtil.java:50] Error loading audit log: null
2025-06-08 16:20:36,237 INFO [JavaFX Application Thread] o.b.u.AuditLoggerUtil [AuditLoggerUtil.java:50] Error loading audit log: null
2025-06-08 16:20:46,157 INFO [JavaFX Application Thread] o.b.u.AuditLoggerUtil [AuditLoggerUtil.java:50] Error loading audit log: null
